TN:
SF:index.js
FN:35,(anonymous_0)
FN:47,(anonymous_1)
FN:57,(anonymous_2)
FNF:3
FNH:2
FNDA:0,(anonymous_0)
FNDA:1,(anonymous_1)
FNDA:1,(anonymous_2)
DA:2,1
DA:3,1
DA:7,1
DA:8,1
DA:9,1
DA:11,1
DA:13,1
DA:14,1
DA:16,1
DA:18,1
DA:20,1
DA:22,1
DA:25,1
DA:31,1
DA:32,1
DA:35,1
DA:36,0
DA:40,1
DA:41,1
DA:44,1
DA:47,1
DA:48,1
DA:49,1
DA:57,1
DA:76,1
DA:78,1
LF:26
LH:25
BRDA:18,0,0,1
BRDA:18,0,1,0
BRF:2
BRH:1
end_of_record
TN:
SF:src/controllers/goals.ts
FN:6,(anonymous_0)
FN:11,(anonymous_1)
FN:24,(anonymous_2)
FN:36,(anonymous_3)
FNF:4
FNH:4
FNDA:1,(anonymous_0)
FNDA:4,(anonymous_1)
FNDA:1,(anonymous_2)
FNDA:1,(anonymous_3)
DA:2,1
DA:4,1
DA:6,1
DA:7,1
DA:8,1
DA:11,1
DA:12,4
DA:13,2
DA:14,2
DA:15,2
DA:17,2
DA:21,2
DA:24,1
DA:25,1
DA:26,0
DA:27,0
DA:28,0
DA:30,0
DA:33,0
DA:36,1
DA:37,1
DA:38,0
DA:39,0
DA:42,1
LF:24
LH:17
BRDA:12,0,0,2
BRDA:12,0,1,2
BRDA:26,1,0,0
BRDA:26,1,1,0
BRF:4
BRH:2
end_of_record
TN:
SF:src/controllers/users.ts
FN:6,(anonymous_0)
FN:46,(anonymous_1)
FN:64,(anonymous_2)
FN:68,(anonymous_3)
FNF:4
FNH:0
FNDA:0,(anonymous_0)
FNDA:0,(anonymous_1)
FNDA:0,(anonymous_2)
FNDA:0,(anonymous_3)
DA:1,1
DA:2,1
DA:3,1
DA:4,1
DA:6,1
DA:7,0
DA:9,0
DA:10,0
DA:11,0
DA:15,0
DA:17,0
DA:18,0
DA:19,0
DA:23,0
DA:24,0
DA:27,0
DA:33,0
DA:34,0
DA:41,0
DA:42,0
DA:46,1
DA:47,0
DA:49,0
DA:50,0
DA:51,0
DA:52,0
DA:59,0
DA:60,0
DA:64,1
DA:65,0
DA:68,1
DA:69,0
DA:74,1
LF:33
LH:9
BRDA:9,0,0,0
BRDA:9,0,1,0
BRDA:9,1,0,0
BRDA:9,1,1,0
BRDA:9,1,2,0
BRDA:17,2,0,0
BRDA:17,2,1,0
BRDA:33,3,0,0
BRDA:33,3,1,0
BRDA:51,4,0,0
BRDA:51,4,1,0
BRDA:51,5,0,0
BRDA:51,5,1,0
BRF:13
BRH:0
end_of_record
TN:
SF:src/middleware/authMiddleware.ts
FN:8,(anonymous_0)
FN:38,(anonymous_1)
FN:42,(anonymous_2)
FNF:3
FNH:0
FNDA:0,(anonymous_0)
FNDA:0,(anonymous_1)
FNDA:0,(anonymous_2)
DA:2,1
DA:3,1
DA:4,1
DA:6,1
DA:8,1
DA:10,0
DA:14,0
DA:16,0
DA:19,0
DA:22,0
DA:24,0
DA:26,0
DA:27,0
DA:28,0
DA:32,0
DA:33,0
DA:34,0
DA:38,1
DA:40,0
DA:43,0
DA:44,0
DA:45,0
DA:48,0
DA:49,0
DA:50,0
DA:52,0
DA:56,1
DA:61,1
LF:28
LH:8
BRDA:10,0,0,0
BRDA:10,0,1,0
BRDA:11,1,0,0
BRDA:11,1,1,0
BRDA:32,2,0,0
BRDA:32,2,1,0
BRDA:43,3,0,0
BRDA:43,3,1,0
BRDA:48,4,0,0
BRDA:48,4,1,0
BRF:10
BRH:0
end_of_record
TN:
SF:src/middleware/errorMiddleware.ts
FN:1,(anonymous_0)
FNF:1
FNH:1
FNDA:4,(anonymous_0)
DA:1,1
DA:2,4
DA:3,4
DA:4,4
DA:10,1
LF:5
LH:5
BRDA:2,0,0,4
BRDA:2,0,1,0
BRDA:6,1,0,0
BRDA:6,1,1,4
BRF:4
BRH:2
end_of_record
TN:
SF:src/models/goalModel.ts
FNF:0
FNH:0
DA:1,1
DA:3,1
DA:16,1
LF:3
LH:3
BRF:0
BRH:0
end_of_record
TN:
SF:src/models/usersModel.ts
FNF:0
FNH:0
DA:1,1
DA:3,1
DA:25,1
LF:3
LH:3
BRF:0
BRH:0
end_of_record
TN:
SF:src/routes/goals.ts
FNF:0
FNH:0
DA:1,1
DA:2,1
DA:9,1
DA:11,1
DA:13,1
DA:15,1
LF:6
LH:6
BRF:0
BRH:0
end_of_record
TN:
SF:src/routes/users.ts
FNF:0
FNH:0
DA:1,1
DA:3,1
DA:4,1
DA:9,1
DA:11,1
DA:12,1
DA:13,1
DA:16,1
LF:8
LH:8
BRF:0
BRH:0
end_of_record
TN:
SF:src/services/mongo.ts
FN:8,(anonymous_0)
FN:9,(anonymous_1)
FN:11,(anonymous_2)
FN:16,(anonymous_3)
FNF:4
FNH:3
FNDA:1,(anonymous_0)
FNDA:0,(anonymous_1)
FNDA:2,(anonymous_2)
FNDA:1,(anonymous_3)
DA:1,1
DA:2,1
DA:4,1
DA:6,1
DA:8,1
DA:9,1
DA:11,1
DA:12,2
DA:13,2
DA:16,1
DA:17,1
DA:20,1
LF:12
LH:12
BRF:0
BRH:0
end_of_record
