{"/home/adam/projects/server/index.js": {"path":"/home/adam/projects/server/index.js","statementMap":{"0":{"start":{"line":2,"column":11},"end":{"line":2,"column":24}},"1":{"start":{"line":3,"column":14},"end":{"line":3,"column":30}},"2":{"start":{"line":5,"column":16},"end":{"line":5,"column":33}},"3":{"start":{"line":6,"column":16},"end":{"line":6,"column":34}},"4":{"start":{"line":7,"column":15},"end":{"line":7,"column":32}},"5":{"start":{"line":9,"column":25},"end":{"line":9,"column":56}},"6":{"start":{"line":11,"column":19},"end":{"line":11,"column":48}},"7":{"start":{"line":12,"column":19},"end":{"line":12,"column":48}},"8":{"start":{"line":14,"column":25},"end":{"line":14,"column":68}},"9":{"start":{"line":16,"column":13},"end":{"line":16,"column":37}},"10":{"start":{"line":18,"column":12},"end":{"line":18,"column":21}},"11":{"start":{"line":20,"column":0},"end":{"line":20,"column":16}},"12":{"start":{"line":23,"column":0},"end":{"line":23,"column":19}},"13":{"start":{"line":24,"column":0},"end":{"line":24,"column":22}},"14":{"start":{"line":30,"column":0},"end":{"line":30,"column":40}},"15":{"start":{"line":31,"column":0},"end":{"line":31,"column":63}},"16":{"start":{"line":34,"column":0},"end":{"line":36,"column":3}},"17":{"start":{"line":35,"column":2},"end":{"line":35,"column":30}},"18":{"start":{"line":39,"column":0},"end":{"line":39,"column":34}},"19":{"start":{"line":40,"column":0},"end":{"line":40,"column":34}},"20":{"start":{"line":43,"column":20},"end":{"line":54,"column":1}},"21":{"start":{"line":44,"column":2},"end":{"line":44,"column":23}},"22":{"start":{"line":45,"column":2},"end":{"line":53,"column":71}},"23":{"start":{"line":53,"column":24},"end":{"line":53,"column":69}},"24":{"start":{"line":74,"column":0},"end":{"line":74,"column":14}},"25":{"start":{"line":76,"column":0},"end":{"line":76,"column":21}}},"fnMap":{"0":{"name":"(anonymous_0)","decl":{"start":{"line":34,"column":13},"end":{"line":34,"column":14}},"loc":{"start":{"line":34,"column":27},"end":{"line":36,"column":1}},"line":34},"1":{"name":"(anonymous_1)","decl":{"start":{"line":43,"column":20},"end":{"line":43,"column":21}},"loc":{"start":{"line":43,"column":32},"end":{"line":54,"column":1}},"line":43},"2":{"name":"(anonymous_2)","decl":{"start":{"line":53,"column":18},"end":{"line":53,"column":19}},"loc":{"start":{"line":53,"column":24},"end":{"line":53,"column":69}},"line":53}},"branchMap":{"0":{"loc":{"start":{"line":16,"column":13},"end":{"line":16,"column":37}},"type":"binary-expr","locations":[{"start":{"line":16,"column":13},"end":{"line":16,"column":29}},{"start":{"line":16,"column":33},"end":{"line":16,"column":37}}],"line":16}},"s":{"0":1,"1":1,"2":1,"3":1,"4":1,"5":1,"6":1,"7":1,"8":1,"9":1,"10":1,"11":1,"12":1,"13":1,"14":1,"15":1,"16":1,"17":0,"18":1,"19":1,"20":1,"21":1,"22":1,"23":1,"24":1,"25":1},"f":{"0":0,"1":1,"2":1},"b":{"0":[1,0]},"inputSourceMap":null,"_coverageSchema":"1a1c01bbd47fc00a2c39e90264f33305004495a9","hash":"87dbd62170494e9b159d320f67185df78d262159"}
,"/home/adam/projects/server/src/controllers/goals.ts": {"path":"/home/adam/projects/server/src/controllers/goals.ts","statementMap":{"0":{"start":{"line":2,"column":21},"end":{"line":2,"column":53}},"1":{"start":{"line":3,"column":30},"end":{"line":3,"column":48}},"2":{"start":{"line":3,"column":15},"end":{"line":3,"column":17}},"3":{"start":{"line":3,"column":25},"end":{"line":3,"column":30}},"4":{"start":{"line":6,"column":13},"end":{"line":6,"column":43}},"5":{"start":{"line":8,"column":17},"end":{"line":11,"column":2}},"6":{"start":{"line":8,"column":78},"end":{"line":11,"column":2}},"7":{"start":{"line":9,"column":16},"end":{"line":9,"column":null}},"8":{"start":{"line":9,"column":8},"end":{"line":9,"column":null}},"9":{"start":{"line":10,"column":2},"end":{"line":10,"column":30}},"10":{"start":{"line":13,"column":17},"end":{"line":23,"column":2}},"11":{"start":{"line":13,"column":78},"end":{"line":23,"column":2}},"12":{"start":{"line":14,"column":2},"end":{"line":17,"column":null}},"13":{"start":{"line":15,"column":4},"end":{"line":15,"column":20}},"14":{"start":{"line":16,"column":4},"end":{"line":16,"column":47}},"15":{"start":{"line":18,"column":22},"end":{"line":20,"column":null}},"16":{"start":{"line":18,"column":8},"end":{"line":20,"column":null}},"17":{"start":{"line":22,"column":2},"end":{"line":22,"column":73}},"18":{"start":{"line":25,"column":19},"end":{"line":35,"column":2}},"19":{"start":{"line":25,"column":80},"end":{"line":35,"column":2}},"20":{"start":{"line":26,"column":15},"end":{"line":26,"column":null}},"21":{"start":{"line":26,"column":8},"end":{"line":26,"column":null}},"22":{"start":{"line":27,"column":2},"end":{"line":30,"column":null}},"23":{"start":{"line":28,"column":4},"end":{"line":28,"column":20}},"24":{"start":{"line":29,"column":4},"end":{"line":29,"column":38}},"25":{"start":{"line":31,"column":22},"end":{"line":33,"column":null}},"26":{"start":{"line":31,"column":8},"end":{"line":33,"column":null}},"27":{"start":{"line":34,"column":2},"end":{"line":34,"column":73}},"28":{"start":{"line":37,"column":19},"end":{"line":47,"column":2}},"29":{"start":{"line":37,"column":80},"end":{"line":47,"column":2}},"30":{"start":{"line":38,"column":15},"end":{"line":38,"column":null}},"31":{"start":{"line":38,"column":8},"end":{"line":38,"column":null}},"32":{"start":{"line":39,"column":5},"end":{"line":39,"column":6}},"33":{"start":{"line":40,"column":4},"end":{"line":40,"column":20}},"34":{"start":{"line":41,"column":4},"end":{"line":41,"column":38}},"35":{"start":{"line":43,"column":4},"end":{"line":43,"column":27}},"36":{"start":{"line":44,"column":4},"end":{"line":44,"column":73}},"37":{"start":{"line":49,"column":0},"end":{"line":54,"column":2}}},"fnMap":{"0":{"name":"(anonymous_13)","decl":{"start":{"line":8,"column":30},"end":{"line":8,"column":37}},"loc":{"start":{"line":8,"column":78},"end":{"line":11,"column":2}}},"1":{"name":"(anonymous_14)","decl":{"start":{"line":8,"column":78},"end":{"line":8,"column":null}},"loc":{"start":{"line":8,"column":78},"end":{"line":11,"column":2}}},"2":{"name":"(anonymous_16)","decl":{"start":{"line":13,"column":30},"end":{"line":13,"column":37}},"loc":{"start":{"line":13,"column":78},"end":{"line":23,"column":2}}},"3":{"name":"(anonymous_17)","decl":{"start":{"line":13,"column":78},"end":{"line":13,"column":null}},"loc":{"start":{"line":13,"column":78},"end":{"line":23,"column":2}}},"4":{"name":"(anonymous_19)","decl":{"start":{"line":25,"column":32},"end":{"line":25,"column":39}},"loc":{"start":{"line":25,"column":80},"end":{"line":35,"column":2}}},"5":{"name":"(anonymous_20)","decl":{"start":{"line":25,"column":80},"end":{"line":25,"column":null}},"loc":{"start":{"line":25,"column":80},"end":{"line":35,"column":2}}},"6":{"name":"(anonymous_22)","decl":{"start":{"line":37,"column":32},"end":{"line":37,"column":39}},"loc":{"start":{"line":37,"column":80},"end":{"line":47,"column":2}}},"7":{"name":"(anonymous_23)","decl":{"start":{"line":37,"column":80},"end":{"line":37,"column":null}},"loc":{"start":{"line":37,"column":80},"end":{"line":47,"column":2}}}},"branchMap":{"0":{"loc":{"start":{"line":9,"column":16},"end":{"line":9,"column":null}},"type":"switch","locations":[{"start":{"line":9,"column":16},"end":{"line":9,"column":null}}]},"1":{"loc":{"start":{"line":14,"column":2},"end":{"line":17,"column":null}},"type":"if","locations":[{"start":{"line":14,"column":2},"end":{"line":17,"column":null}}]},"2":{"loc":{"start":{"line":26,"column":15},"end":{"line":26,"column":null}},"type":"switch","locations":[{"start":{"line":26,"column":15},"end":{"line":26,"column":null}}]},"3":{"loc":{"start":{"line":27,"column":2},"end":{"line":30,"column":null}},"type":"if","locations":[{"start":{"line":27,"column":2},"end":{"line":30,"column":null}}]},"4":{"loc":{"start":{"line":38,"column":15},"end":{"line":38,"column":null}},"type":"switch","locations":[{"start":{"line":38,"column":15},"end":{"line":38,"column":null}},{"start":{"line":43,"column":4},"end":{"line":43,"column":27}}]},"5":{"loc":{"start":{"line":39,"column":5},"end":{"line":39,"column":6}},"type":"if","locations":[{"start":{"line":39,"column":5},"end":{"line":39,"column":6}}]}},"s":{"0":1,"1":1,"2":1,"3":1,"4":1,"5":1,"6":1,"7":1,"8":1,"9":1,"10":1,"11":0,"12":0,"13":0,"14":0,"15":0,"16":0,"17":0,"18":1,"19":0,"20":0,"21":0,"22":0,"23":0,"24":0,"25":0,"26":0,"27":0,"28":1,"29":0,"30":0,"31":0,"32":0,"33":0,"34":0,"35":0,"36":0,"37":1},"f":{"0":1,"1":1,"2":0,"3":0,"4":0,"5":0,"6":0,"7":0},"b":{"0":[1],"1":[0],"2":[0],"3":[0],"4":[0,0],"5":[0]}}
,"/home/adam/projects/server/src/controllers/users.ts": {"path":"/home/adam/projects/server/src/controllers/users.ts","statementMap":{"0":{"start":{"line":2,"column":12},"end":{"line":2,"column":35}},"1":{"start":{"line":3,"column":15},"end":{"line":3,"column":34}},"2":{"start":{"line":4,"column":21},"end":{"line":4,"column":53}},"3":{"start":{"line":5,"column":30},"end":{"line":5,"column":48}},"4":{"start":{"line":5,"column":15},"end":{"line":5,"column":17}},"5":{"start":{"line":5,"column":25},"end":{"line":5,"column":30}},"6":{"start":{"line":7,"column":13},"end":{"line":7,"column":44}},"7":{"start":{"line":9,"column":21},"end":{"line":47,"column":2}},"8":{"start":{"line":9,"column":82},"end":{"line":47,"column":2}},"9":{"start":{"line":10,"column":8},"end":{"line":10,"column":36}},"10":{"start":{"line":12,"column":2},"end":{"line":15,"column":null}},"11":{"start":{"line":13,"column":4},"end":{"line":13,"column":20}},"12":{"start":{"line":14,"column":4},"end":{"line":14,"column":45}},"13":{"start":{"line":18,"column":21},"end":{"line":18,"column":null}},"14":{"start":{"line":18,"column":8},"end":{"line":18,"column":null}},"15":{"start":{"line":20,"column":2},"end":{"line":23,"column":null}},"16":{"start":{"line":21,"column":4},"end":{"line":21,"column":20}},"17":{"start":{"line":22,"column":4},"end":{"line":22,"column":43}},"18":{"start":{"line":26,"column":15},"end":{"line":26,"column":null}},"19":{"start":{"line":26,"column":8},"end":{"line":26,"column":null}},"20":{"start":{"line":27,"column":25},"end":{"line":27,"column":null}},"21":{"start":{"line":27,"column":8},"end":{"line":27,"column":null}},"22":{"start":{"line":30,"column":15},"end":{"line":34,"column":null}},"23":{"start":{"line":30,"column":8},"end":{"line":34,"column":null}},"24":{"start":{"line":36,"column":2},"end":{"line":46,"column":null}},"25":{"start":{"line":37,"column":4},"end":{"line":42,"column":7}},"26":{"start":{"line":44,"column":4},"end":{"line":44,"column":20}},"27":{"start":{"line":45,"column":4},"end":{"line":45,"column":41}},"28":{"start":{"line":49,"column":14},"end":{"line":65,"column":2}},"29":{"start":{"line":49,"column":75},"end":{"line":65,"column":2}},"30":{"start":{"line":50,"column":8},"end":{"line":50,"column":30}},"31":{"start":{"line":52,"column":15},"end":{"line":52,"column":null}},"32":{"start":{"line":52,"column":8},"end":{"line":52,"column":null}},"33":{"start":{"line":53,"column":26},"end":{"line":53,"column":null}},"34":{"start":{"line":53,"column":8},"end":{"line":53,"column":null}},"35":{"start":{"line":54,"column":2},"end":{"line":64,"column":null}},"36":{"start":{"line":55,"column":4},"end":{"line":60,"column":7}},"37":{"start":{"line":62,"column":4},"end":{"line":62,"column":20}},"38":{"start":{"line":63,"column":4},"end":{"line":63,"column":43}},"39":{"start":{"line":67,"column":14},"end":{"line":69,"column":2}},"40":{"start":{"line":67,"column":75},"end":{"line":69,"column":2}},"41":{"start":{"line":68,"column":2},"end":{"line":68,"column":33}},"42":{"start":{"line":71,"column":22},"end":{"line":75,"column":1}},"43":{"start":{"line":72,"column":2},"end":{"line":74,"column":5}},"44":{"start":{"line":77,"column":0},"end":{"line":81,"column":2}}},"fnMap":{"0":{"name":"(anonymous_13)","decl":{"start":{"line":9,"column":34},"end":{"line":9,"column":41}},"loc":{"start":{"line":9,"column":82},"end":{"line":47,"column":2}}},"1":{"name":"(anonymous_14)","decl":{"start":{"line":9,"column":82},"end":{"line":9,"column":null}},"loc":{"start":{"line":9,"column":82},"end":{"line":47,"column":2}}},"2":{"name":"(anonymous_16)","decl":{"start":{"line":49,"column":27},"end":{"line":49,"column":34}},"loc":{"start":{"line":49,"column":75},"end":{"line":65,"column":2}}},"3":{"name":"(anonymous_17)","decl":{"start":{"line":49,"column":75},"end":{"line":49,"column":null}},"loc":{"start":{"line":49,"column":75},"end":{"line":65,"column":2}}},"4":{"name":"(anonymous_19)","decl":{"start":{"line":67,"column":27},"end":{"line":67,"column":34}},"loc":{"start":{"line":67,"column":75},"end":{"line":69,"column":2}}},"5":{"name":"(anonymous_20)","decl":{"start":{"line":67,"column":75},"end":{"line":67,"column":null}},"loc":{"start":{"line":67,"column":75},"end":{"line":69,"column":2}}},"6":{"name":"(anonymous_22)","decl":{"start":{"line":71,"column":22},"end":{"line":71,"column":23}},"loc":{"start":{"line":71,"column":33},"end":{"line":75,"column":1}}}},"branchMap":{"0":{"loc":{"start":{"line":12,"column":2},"end":{"line":15,"column":null}},"type":"if","locations":[{"start":{"line":12,"column":2},"end":{"line":15,"column":null}}]},"1":{"loc":{"start":{"line":12,"column":6},"end":{"line":12,"column":34}},"type":"binary-expr","locations":[{"start":{"line":12,"column":6},"end":{"line":12,"column":11}},{"start":{"line":12,"column":15},"end":{"line":12,"column":21}},{"start":{"line":12,"column":25},"end":{"line":12,"column":34}}]},"2":{"loc":{"start":{"line":20,"column":2},"end":{"line":23,"column":null}},"type":"if","locations":[{"start":{"line":20,"column":2},"end":{"line":23,"column":null}}]},"3":{"loc":{"start":{"line":36,"column":2},"end":{"line":46,"column":null}},"type":"if","locations":[{"start":{"line":36,"column":2},"end":{"line":46,"column":null}},{"start":{"line":43,"column":9},"end":{"line":46,"column":null}}]},"4":{"loc":{"start":{"line":54,"column":2},"end":{"line":64,"column":null}},"type":"if","locations":[{"start":{"line":54,"column":2},"end":{"line":64,"column":null}},{"start":{"line":61,"column":9},"end":{"line":64,"column":null}}]},"5":{"loc":{"start":{"line":54,"column":6},"end":{"line":54,"column":29}},"type":"binary-expr","locations":[{"start":{"line":54,"column":6},"end":{"line":54,"column":10}},{"start":{"line":54,"column":14},"end":{"line":54,"column":29}}]}},"s":{"0":1,"1":1,"2":1,"3":1,"4":1,"5":1,"6":1,"7":1,"8":0,"9":0,"10":0,"11":0,"12":0,"13":0,"14":0,"15":0,"16":0,"17":0,"18":0,"19":0,"20":0,"21":0,"22":0,"23":0,"24":0,"25":0,"26":0,"27":0,"28":1,"29":0,"30":0,"31":0,"32":0,"33":0,"34":0,"35":0,"36":0,"37":0,"38":0,"39":1,"40":0,"41":0,"42":1,"43":0,"44":1},"f":{"0":0,"1":0,"2":0,"3":0,"4":0,"5":0,"6":0},"b":{"0":[0],"1":[0,0,0],"2":[0],"3":[0,0],"4":[0,0],"5":[0,0]}}
,"/home/adam/projects/server/src/middleware/authMiddleware.ts": {"path":"/home/adam/projects/server/src/middleware/authMiddleware.ts","statementMap":{"0":{"start":{"line":2,"column":12},"end":{"line":2,"column":35}},"1":{"start":{"line":3,"column":22},"end":{"line":3,"column":52}},"2":{"start":{"line":4,"column":21},"end":{"line":4,"column":53}},"3":{"start":{"line":5,"column":44},"end":{"line":5,"column":62}},"4":{"start":{"line":5,"column":15},"end":{"line":5,"column":17}},"5":{"start":{"line":5,"column":25},"end":{"line":5,"column":27}},"6":{"start":{"line":5,"column":39},"end":{"line":5,"column":44}},"7":{"start":{"line":7,"column":13},"end":{"line":7,"column":44}},"8":{"start":{"line":9,"column":16},"end":{"line":37,"column":2}},"9":{"start":{"line":9,"column":104},"end":{"line":37,"column":2}},"10":{"start":{"line":12,"column":4},"end":{"line":12,"column":7}},"11":{"start":{"line":17,"column":6},"end":{"line":17,"column":54}},"12":{"start":{"line":20,"column":12},"end":{"line":20,"column":64}},"13":{"start":{"line":23,"column":6},"end":{"line":23,"column":10}},"14":{"start":{"line":23,"column":17},"end":{"line":23,"column":69}},"15":{"start":{"line":23,"column":6},"end":{"line":23,"column":69}},"16":{"start":{"line":25,"column":6},"end":{"line":25,"column":13}},"17":{"start":{"line":27,"column":6},"end":{"line":27,"column":25}},"18":{"start":{"line":28,"column":6},"end":{"line":28,"column":22}},"19":{"start":{"line":29,"column":6},"end":{"line":29,"column":40}},"20":{"start":{"line":33,"column":2},"end":{"line":36,"column":null}},"21":{"start":{"line":34,"column":4},"end":{"line":34,"column":20}},"22":{"start":{"line":35,"column":4},"end":{"line":35,"column":48}},"23":{"start":{"line":39,"column":28},"end":{"line":55,"column":1}},"24":{"start":{"line":41,"column":2},"end":{"line":54,"column":5}},"25":{"start":{"line":44,"column":4},"end":{"line":47,"column":null}},"26":{"start":{"line":45,"column":6},"end":{"line":45,"column":45}},"27":{"start":{"line":46,"column":6},"end":{"line":46,"column":13}},"28":{"start":{"line":49,"column":4},"end":{"line":52,"column":null}},"29":{"start":{"line":50,"column":6},"end":{"line":50,"column":76}},"30":{"start":{"line":51,"column":6},"end":{"line":51,"column":13}},"31":{"start":{"line":53,"column":4},"end":{"line":53,"column":11}},"32":{"start":{"line":57,"column":20},"end":{"line":60,"column":2}},"33":{"start":{"line":62,"column":0},"end":{"line":62,"column":63}}},"fnMap":{"0":{"name":"(anonymous_13)","decl":{"start":{"line":9,"column":29},"end":{"line":9,"column":36}},"loc":{"start":{"line":9,"column":104},"end":{"line":37,"column":2}}},"1":{"name":"(anonymous_14)","decl":{"start":{"line":9,"column":104},"end":{"line":9,"column":null}},"loc":{"start":{"line":9,"column":104},"end":{"line":37,"column":2}}},"2":{"name":"(anonymous_16)","decl":{"start":{"line":39,"column":28},"end":{"line":39,"column":29}},"loc":{"start":{"line":39,"column":97},"end":{"line":55,"column":1}}},"3":{"name":"(anonymous_17)","decl":{"start":{"line":43,"column":10},"end":{"line":43,"column":11}},"loc":{"start":{"line":43,"column":36},"end":{"line":54,"column":3}}}},"branchMap":{"0":{"loc":{"start":{"line":12,"column":4},"end":{"line":12,"column":7}},"type":"if","locations":[{"start":{"line":12,"column":4},"end":{"line":12,"column":7}}]},"1":{"loc":{"start":{"line":12,"column":4},"end":{"line":13,"column":50}},"type":"binary-expr","locations":[{"start":{"line":12,"column":4},"end":{"line":12,"column":29}},{"start":{"line":13,"column":4},"end":{"line":13,"column":50}}]},"2":{"loc":{"start":{"line":33,"column":2},"end":{"line":36,"column":null}},"type":"if","locations":[{"start":{"line":33,"column":2},"end":{"line":36,"column":null}}]},"3":{"loc":{"start":{"line":44,"column":4},"end":{"line":47,"column":null}},"type":"if","locations":[{"start":{"line":44,"column":4},"end":{"line":47,"column":null}}]},"4":{"loc":{"start":{"line":49,"column":4},"end":{"line":52,"column":null}},"type":"if","locations":[{"start":{"line":49,"column":4},"end":{"line":52,"column":null}}]}},"s":{"0":1,"1":1,"2":1,"3":1,"4":1,"5":1,"6":1,"7":1,"8":1,"9":0,"10":0,"11":0,"12":0,"13":0,"14":0,"15":0,"16":0,"17":0,"18":0,"19":0,"20":0,"21":0,"22":0,"23":1,"24":0,"25":0,"26":0,"27":0,"28":0,"29":0,"30":0,"31":0,"32":1,"33":1},"f":{"0":0,"1":0,"2":0,"3":0},"b":{"0":[0],"1":[0,0],"2":[0],"3":[0],"4":[0]}}
,"/home/adam/projects/server/src/middleware/errorMiddleware.ts": {"path":"/home/adam/projects/server/src/middleware/errorMiddleware.ts","statementMap":{"0":{"start":{"line":2,"column":44},"end":{"line":2,"column":62}},"1":{"start":{"line":2,"column":15},"end":{"line":2,"column":17}},"2":{"start":{"line":2,"column":25},"end":{"line":2,"column":27}},"3":{"start":{"line":2,"column":39},"end":{"line":2,"column":44}},"4":{"start":{"line":10,"column":21},"end":{"line":17,"column":1}},"5":{"start":{"line":11,"column":21},"end":{"line":11,"column":58}},"6":{"start":{"line":12,"column":2},"end":{"line":12,"column":25}},"7":{"start":{"line":13,"column":2},"end":{"line":16,"column":5}},"8":{"start":{"line":19,"column":0},"end":{"line":21,"column":2}}},"fnMap":{"0":{"name":"(anonymous_0)","decl":{"start":{"line":10,"column":21},"end":{"line":10,"column":22}},"loc":{"start":{"line":10,"column":102},"end":{"line":17,"column":1}}}},"branchMap":{"0":{"loc":{"start":{"line":11,"column":21},"end":{"line":11,"column":58}},"type":"cond-expr","locations":[{"start":{"line":11,"column":38},"end":{"line":11,"column":52}},{"start":{"line":11,"column":55},"end":{"line":11,"column":58}}]},"1":{"loc":{"start":{"line":15,"column":11},"end":{"line":15,"column":67}},"type":"cond-expr","locations":[{"start":{"line":15,"column":51},"end":{"line":15,"column":55}},{"start":{"line":15,"column":58},"end":{"line":15,"column":67}}]}},"s":{"0":1,"1":1,"2":1,"3":1,"4":1,"5":0,"6":0,"7":0,"8":1},"f":{"0":0},"b":{"0":[0,0],"1":[0,0]}}
,"/home/adam/projects/server/src/models/goalModel.ts": {"path":"/home/adam/projects/server/src/models/goalModel.ts","statementMap":{"0":{"start":{"line":1,"column":17},"end":{"line":1,"column":36}},"1":{"start":{"line":3,"column":19},"end":{"line":13,"column":null}},"2":{"start":{"line":16,"column":0},"end":{"line":16,"column":52}}},"fnMap":{},"branchMap":{},"s":{"0":1,"1":1,"2":1},"f":{},"b":{}}
,"/home/adam/projects/server/src/models/usersModel.ts": {"path":"/home/adam/projects/server/src/models/usersModel.ts","statementMap":{"0":{"start":{"line":1,"column":17},"end":{"line":1,"column":36}},"1":{"start":{"line":3,"column":19},"end":{"line":21,"column":null}},"2":{"start":{"line":25,"column":0},"end":{"line":25,"column":53}}},"fnMap":{},"branchMap":{},"s":{"0":1,"1":1,"2":1},"f":{},"b":{}}
,"/home/adam/projects/server/src/routes/goals.ts": {"path":"/home/adam/projects/server/src/routes/goals.ts","statementMap":{"0":{"start":{"line":1,"column":16},"end":{"line":1,"column":34}},"1":{"start":{"line":2,"column":19},"end":{"line":2,"column":35}},"2":{"start":{"line":9,"column":4},"end":{"line":9,"column":36}},"3":{"start":{"line":5,"column":10},"end":{"line":5,"column":null}},"4":{"start":{"line":6,"column":10},"end":{"line":6,"column":null}},"5":{"start":{"line":7,"column":12},"end":{"line":7,"column":null}},"6":{"start":{"line":8,"column":12},"end":{"line":8,"column":null}},"7":{"start":{"line":11,"column":0},"end":{"line":11,"column":51}},"8":{"start":{"line":13,"column":0},"end":{"line":13,"column":60}},"9":{"start":{"line":15,"column":0},"end":{"line":15,"column":28}}},"fnMap":{},"branchMap":{},"s":{"0":1,"1":1,"2":1,"3":1,"4":1,"5":1,"6":1,"7":1,"8":1,"9":1},"f":{},"b":{}}
,"/home/adam/projects/server/src/routes/users.ts": {"path":"/home/adam/projects/server/src/routes/users.ts","statementMap":{"0":{"start":{"line":2,"column":16},"end":{"line":2,"column":34}},"1":{"start":{"line":4,"column":24},"end":{"line":4,"column":40}},"2":{"start":{"line":5,"column":39},"end":{"line":5,"column":70}},"3":{"start":{"line":5,"column":20},"end":{"line":5,"column":22}},"4":{"start":{"line":5,"column":27},"end":{"line":5,"column":29}},"5":{"start":{"line":5,"column":34},"end":{"line":5,"column":39}},"6":{"start":{"line":10,"column":4},"end":{"line":10,"column":43}},"7":{"start":{"line":7,"column":9},"end":{"line":7,"column":null}},"8":{"start":{"line":8,"column":21},"end":{"line":8,"column":null}},"9":{"start":{"line":9,"column":13},"end":{"line":9,"column":null}},"10":{"start":{"line":12,"column":0},"end":{"line":12,"column":75}},"11":{"start":{"line":13,"column":0},"end":{"line":13,"column":44}},"12":{"start":{"line":14,"column":0},"end":{"line":14,"column":34}},"13":{"start":{"line":17,"column":0},"end":{"line":17,"column":25}}},"fnMap":{},"branchMap":{},"s":{"0":1,"1":1,"2":1,"3":1,"4":1,"5":1,"6":1,"7":1,"8":1,"9":1,"10":1,"11":1,"12":1,"13":1},"f":{},"b":{}}
,"/home/adam/projects/server/src/services/mongo.ts": {"path":"/home/adam/projects/server/src/services/mongo.ts","statementMap":{"0":{"start":{"line":1,"column":17},"end":{"line":1,"column":37}},"1":{"start":{"line":2,"column":15},"end":{"line":2,"column":33}},"2":{"start":{"line":4,"column":0},"end":{"line":4,"column":16}},"3":{"start":{"line":6,"column":18},"end":{"line":6,"column":39}},"4":{"start":{"line":8,"column":0},"end":{"line":8,"column":69}},"5":{"start":{"line":8,"column":39},"end":{"line":8,"column":68}},"6":{"start":{"line":9,"column":0},"end":{"line":9,"column":88}},"7":{"start":{"line":9,"column":49},"end":{"line":9,"column":87}},"8":{"start":{"line":11,"column":21},"end":{"line":14,"column":2}},"9":{"start":{"line":12,"column":2},"end":{"line":12,"column":43}},"10":{"start":{"line":13,"column":2},"end":{"line":13,"column":63}},"11":{"start":{"line":16,"column":24},"end":{"line":18,"column":2}},"12":{"start":{"line":17,"column":2},"end":{"line":17,"column":30}},"13":{"start":{"line":20,"column":0},"end":{"line":20,"column":51}}},"fnMap":{"0":{"name":"(anonymous_13)","decl":{"start":{"line":8,"column":33},"end":{"line":8,"column":39}},"loc":{"start":{"line":8,"column":33},"end":{"line":8,"column":46}}},"1":{"name":"(anonymous_14)","decl":{"start":{"line":9,"column":32},"end":{"line":9,"column":33}},"loc":{"start":{"line":9,"column":44},"end":{"line":9,"column":56}}},"2":{"name":"(anonymous_15)","decl":{"start":{"line":11,"column":21},"end":{"line":11,"column":null}},"loc":{"start":{"line":11,"column":21},"end":{"line":14,"column":2}}},"3":{"name":"(anonymous_18)","decl":{"start":{"line":16,"column":24},"end":{"line":16,"column":null}},"loc":{"start":{"line":16,"column":24},"end":{"line":18,"column":2}}}},"branchMap":{"0":{"loc":{"start":{"line":12,"column":2},"end":{"line":12,"column":43}},"type":"switch","locations":[{"start":{"line":12,"column":2},"end":{"line":12,"column":43}}]},"1":{"loc":{"start":{"line":17,"column":2},"end":{"line":17,"column":30}},"type":"switch","locations":[{"start":{"line":17,"column":2},"end":{"line":17,"column":30}}]}},"s":{"0":1,"1":1,"2":1,"3":1,"4":1,"5":1,"6":1,"7":0,"8":3,"9":4,"10":4,"11":2,"12":2,"13":1},"f":{"0":1,"1":0,"2":4,"3":2},"b":{"0":[2],"1":[1]}}
}
